<?xml version="1.0" encoding="UTF-8"?>
<!-- Generated by org.testng.reporters.JUnitReportReporter -->
<testsuite hostname="Dan-Joshua-SG" failures="0" tests="4" name="cs.ing.software.lab1.Labo1Test" time="0.025" errors="0" timestamp="2021-09-15T16:18:27 PET" skipped="0">
  <testcase classname="cs.ing.software.lab1.Labo1Test" name="Test02" time="0.000"/>
  <system-out/>
  <testcase classname="cs.ing.software.lab1.Labo1Test" name="Test04" time="0.002"/>
  <system-out/>
  <testcase classname="cs.ing.software.lab1.Labo1Test" name="Test03" time="0.000"/>
  <system-out/>
  <testcase classname="cs.ing.software.lab1.Labo1Test" name="Test01" time="0.023"/>
  <system-out/>
</testsuite> <!-- cs.ing.software.lab1.Labo1Test -->
