<?xml version="1.0" encoding="UTF-8"?>
<!-- Generated by org.testng.reporters.JUnitReportReporter -->
<testsuite hostname="Dan-Joshua-SG" failures="0" tests="14" name="cs.ing.software.lab1.Labo1Test" time="0.020" errors="0" timestamp="2021-09-15T17:50:49 PET" skipped="0">
  <testcase classname="cs.ing.software.lab1.Labo1Test" name="Test01" time="0.015"/>
  <system-out/>
  <testcase classname="cs.ing.software.lab1.Labo1Test" name="Test16" time="0.000"/>
  <system-out/>
  <testcase classname="cs.ing.software.lab1.Labo1Test" name="Test02" time="0.001"/>
  <system-out/>
  <testcase classname="cs.ing.software.lab1.Labo1Test" name="Test13" time="0.000"/>
  <system-out/>
  <testcase classname="cs.ing.software.lab1.Labo1Test" name="Test10" time="0.000"/>
  <system-out/>
  <testcase classname="cs.ing.software.lab1.Labo1Test" name="Test15" time="0.000"/>
  <system-out/>
  <testcase classname="cs.ing.software.lab1.Labo1Test" name="Test09" time="0.001"/>
  <system-out/>
  <testcase classname="cs.ing.software.lab1.Labo1Test" name="Test05" time="0.001"/>
  <system-out/>
  <testcase classname="cs.ing.software.lab1.Labo1Test" name="Test07" time="0.000"/>
  <system-out/>
  <testcase classname="cs.ing.software.lab1.Labo1Test" name="Test08" time="0.000"/>
  <system-out/>
  <testcase classname="cs.ing.software.lab1.Labo1Test" name="Test12" time="0.001"/>
  <system-out/>
  <testcase classname="cs.ing.software.lab1.Labo1Test" name="Test14" time="0.000"/>
  <system-out/>
  <testcase classname="cs.ing.software.lab1.Labo1Test" name="Test06" time="0.001"/>
  <system-out/>
  <testcase classname="cs.ing.software.lab1.Labo1Test" name="Test03" time="0.000"/>
  <system-out/>
</testsuite> <!-- cs.ing.software.lab1.Labo1Test -->
