<?xml version="1.0" encoding="UTF-8"?>
<!-- Generated by org.testng.reporters.JUnitReportReporter -->
<testsuite hostname="Dan-Joshua-SG" failures="0" tests="28" name="cs.ing.software.lab1.Labo1Test" time="0.029" errors="0" timestamp="2021-09-15T18:43:00 PET" skipped="0">
  <testcase classname="cs.ing.software.lab1.Labo1Test" name="Test25" time="0.000"/>
  <system-out/>
  <testcase classname="cs.ing.software.lab1.Labo1Test" name="Test19" time="0.000"/>
  <system-out/>
  <testcase classname="cs.ing.software.lab1.Labo1Test" name="Test21" time="0.001"/>
  <system-out/>
  <testcase classname="cs.ing.software.lab1.Labo1Test" name="Test17" time="0.000"/>
  <system-out/>
  <testcase classname="cs.ing.software.lab1.Labo1Test" name="Test05" time="0.002"/>
  <system-out/>
  <testcase classname="cs.ing.software.lab1.Labo1Test" name="Test08" time="0.000"/>
  <system-out/>
  <testcase classname="cs.ing.software.lab1.Labo1Test" name="Test23" time="0.001"/>
  <system-out/>
  <testcase classname="cs.ing.software.lab1.Labo1Test" name="Test02" time="0.000"/>
  <system-out/>
  <testcase classname="cs.ing.software.lab1.Labo1Test" name="Test03" time="0.000"/>
  <system-out/>
  <testcase classname="cs.ing.software.lab1.Labo1Test" name="Test15" time="0.000"/>
  <system-out/>
  <testcase classname="cs.ing.software.lab1.Labo1Test" name="Test24" time="0.000"/>
  <system-out/>
  <testcase classname="cs.ing.software.lab1.Labo1Test" name="Test27" time="0.000"/>
  <system-out/>
  <testcase classname="cs.ing.software.lab1.Labo1Test" name="Test29" time="0.000"/>
  <system-out/>
  <testcase classname="cs.ing.software.lab1.Labo1Test" name="Test13" time="0.000"/>
  <system-out/>
  <testcase classname="cs.ing.software.lab1.Labo1Test" name="Test09" time="0.001"/>
  <system-out/>
  <testcase classname="cs.ing.software.lab1.Labo1Test" name="Test18" time="0.000"/>
  <system-out/>
  <testcase classname="cs.ing.software.lab1.Labo1Test" name="Test12" time="0.001"/>
  <system-out/>
  <testcase classname="cs.ing.software.lab1.Labo1Test" name="Test07" time="0.000"/>
  <system-out/>
  <testcase classname="cs.ing.software.lab1.Labo1Test" name="Test01" time="0.018"/>
  <system-out/>
  <testcase classname="cs.ing.software.lab1.Labo1Test" name="Test06" time="0.004"/>
  <system-out/>
  <testcase classname="cs.ing.software.lab1.Labo1Test" name="Test26" time="0.000"/>
  <system-out/>
  <testcase classname="cs.ing.software.lab1.Labo1Test" name="Test22" time="0.000"/>
  <system-out/>
  <testcase classname="cs.ing.software.lab1.Labo1Test" name="Test10" time="0.000"/>
  <system-out/>
  <testcase classname="cs.ing.software.lab1.Labo1Test" name="Test14" time="0.000"/>
  <system-out/>
  <testcase classname="cs.ing.software.lab1.Labo1Test" name="Test30" time="0.001"/>
  <system-out/>
  <testcase classname="cs.ing.software.lab1.Labo1Test" name="Test16" time="0.000"/>
  <system-out/>
  <testcase classname="cs.ing.software.lab1.Labo1Test" name="Test28" time="0.000"/>
  <system-out/>
  <testcase classname="cs.ing.software.lab1.Labo1Test" name="Test20" time="0.000"/>
  <system-out/>
</testsuite> <!-- cs.ing.software.lab1.Labo1Test -->
